<?xml version="1.0" encoding="UTF-8" ?>
<testsuite tests="3" failures="2" name="com.auction.model.entity.AutoBidConfigTest" time="0" errors="0" skipped="0">
  <properties>
[...]
</properties>
  <testcase classname="com.auction.model.entity.AutoBidConfigTest" name="com.auction.model.entity.AutoBidConfigTest.testComputeNextBidWithinLimit" time="0">
    <failure message="Bidder không được null." type="java.lang.IllegalArgumentException">java.lang.IllegalArgumentException: Bidder không được null.
	at com.auction.model.entity.AutoBidConfig.&lt;init&gt;(AutoBidConfig.java:15)
	at com.auction.model.entity.AutoBidConfigTest.testComputeNextBidWithinLimit(AutoBidConfigTest.java:33)
</failure>
  </testcase>
  <testcase classname="com.auction.model.entity.AutoBidConfigTest" name="com.auction.model.entity.AutoBidConfigTest.testComputeNextBidExceedsLimit" time="0">
    <failure message="Bidder không được null." type="java.lang.IllegalArgumentException">java.lang.IllegalArgumentException: Bidder không được null.
	at com.auction.model.entity.AutoBidConfig.&lt;init&gt;(AutoBidConfig.java:15)
	at com.auction.model.entity.AutoBidConfigTest.testComputeNextBidExceedsLimit(AutoBidConfigTest.java:40)
</failure>
  </testcase>
  <testcase classname="com.auction.model.entity.AutoBidConfigTest" name="com.auction.model.entity.AutoBidConfigTest.testInvalidConfigParameters" time="0"/>
</testsuite>