<?xml version="1.0" encoding="UTF-8" ?>
<testsuite tests="8" failures="8" name="com.auction.model.entity.BidderTest" time="0.001" errors="0" skipped="0">
  <properties>
[...]
</properties>
  <testcase classname="com.auction.model.entity.BidderTest" name="com.auction.model.entity.BidderTest.testAddUnpaidWarningBansUser" time="0">
    <failure message="Cannot invoke &quot;com.auction.model.entity.Bidder.addUnpaidWarning()&quot; because &quot;this.bidder&quot; is null" type="java.lang.NullPointerException">java.lang.NullPointerException: Cannot invoke &quot;com.auction.model.entity.Bidder.addUnpaidWarning()&quot; because &quot;this.bidder&quot; is null
	at com.auction.model.entity.BidderTest.testAddUnpaidWarningBansUser(BidderTest.java:56)
</failure>
  </testcase>
  <testcase classname="com.auction.model.entity.BidderTest" name="com.auction.model.entity.BidderTest.testDepositLockoutMechanism" time="0">
    <failure message="Cannot invoke &quot;com.auction.model.entity.Bidder.recordFailedDeposit()&quot; because &quot;this.bidder&quot; is null" type="java.lang.NullPointerException">java.lang.NullPointerException: Cannot invoke &quot;com.auction.model.entity.Bidder.recordFailedDeposit()&quot; because &quot;this.bidder&quot; is null
	at com.auction.model.entity.BidderTest.testDepositLockoutMechanism(BidderTest.java:66)
</failure>
  </testcase>
  <testcase classname="com.auction.model.entity.BidderTest" name="com.auction.model.entity.BidderTest.testSetupAutoBidInvalidMaxBid" time="0">
    <failure message="Cannot invoke &quot;com.auction.model.entity.Auction.startAuction()&quot; because &quot;this.dummyAuction&quot; is null" type="java.lang.NullPointerException">java.lang.NullPointerException: Cannot invoke &quot;com.auction.model.entity.Auction.startAuction()&quot; because &quot;this.dummyAuction&quot; is null
	at com.auction.model.entity.BidderTest.testSetupAutoBidInvalidMaxBid(BidderTest.java:80)
</failure>
  </testcase>
  <testcase classname="com.auction.model.entity.BidderTest" name="com.auction.model.entity.BidderTest.testDepositSuccess" time="0">
    <failure message="Cannot invoke &quot;com.auction.model.entity.Bidder.deposit(double)&quot; because &quot;this.bidder&quot; is null" type="java.lang.NullPointerException">java.lang.NullPointerException: Cannot invoke &quot;com.auction.model.entity.Bidder.deposit(double)&quot; because &quot;this.bidder&quot; is null
	at com.auction.model.entity.BidderTest.testDepositSuccess(BidderTest.java:34)
</failure>
  </testcase>
  <testcase classname="com.auction.model.entity.BidderTest" name="com.auction.model.entity.BidderTest.testDeductSuccess" time="0">
    <failure message="Cannot invoke &quot;com.auction.model.entity.Bidder.deduct(double)&quot; because &quot;this.bidder&quot; is null" type="java.lang.NullPointerException">java.lang.NullPointerException: Cannot invoke &quot;com.auction.model.entity.Bidder.deduct(double)&quot; because &quot;this.bidder&quot; is null
	at com.auction.model.entity.BidderTest.testDeductSuccess(BidderTest.java:45)
</failure>
  </testcase>
  <testcase classname="com.auction.model.entity.BidderTest" name="com.auction.model.entity.BidderTest.testDepositNegativeAmountThrowsException" time="0">
    <failure message="Unexpected exception type thrown, expected: &lt;java.lang.IllegalArgumentException&gt; but was: &lt;java.lang.NullPointerException&gt;" type="org.opentest4j.AssertionFailedError">org.opentest4j.AssertionFailedError: Unexpected exception type thrown, expected: &lt;java.lang.IllegalArgumentException&gt; but was: &lt;java.lang.NullPointerException&gt;
	at org.junit.jupiter.api.AssertionFailureBuilder.build(AssertionFailureBuilder.java:151)
	at org.junit.jupiter.api.AssertThrows.assertThrows(AssertThrows.java:67)
	at org.junit.jupiter.api.AssertThrows.assertThrows(AssertThrows.java:35)
	at org.junit.jupiter.api.Assertions.assertThrows(Assertions.java:3115)
	at com.auction.model.entity.BidderTest.testDepositNegativeAmountThrowsException(BidderTest.java:40)
Caused by: java.lang.NullPointerException: Cannot invoke &quot;com.auction.model.entity.Bidder.deposit(double)&quot; because &quot;this.bidder&quot; is null
	at com.auction.model.entity.BidderTest.lambda$testDepositNegativeAmountThrowsException$0(BidderTest.java:40)
	at org.junit.jupiter.api.AssertThrows.assertThrows(AssertThrows.java:53)
	... 21 more
</failure>
  </testcase>
  <testcase classname="com.auction.model.entity.BidderTest" name="com.auction.model.entity.BidderTest.testDeductInsufficientBalanceThrowsException" time="0.001">
    <failure message="Unexpected exception type thrown, expected: &lt;com.auction.exception.InsufficientBalanceException&gt; but was: &lt;java.lang.NullPointerException&gt;" type="org.opentest4j.AssertionFailedError">org.opentest4j.AssertionFailedError: Unexpected exception type thrown, expected: &lt;com.auction.exception.InsufficientBalanceException&gt; but was: &lt;java.lang.NullPointerException&gt;
	at org.junit.jupiter.api.AssertionFailureBuilder.build(AssertionFailureBuilder.java:151)
	at org.junit.jupiter.api.AssertThrows.assertThrows(AssertThrows.java:67)
	at org.junit.jupiter.api.AssertThrows.assertThrows(AssertThrows.java:35)
	at org.junit.jupiter.api.Assertions.assertThrows(Assertions.java:3115)
	at com.auction.model.entity.BidderTest.testDeductInsufficientBalanceThrowsException(BidderTest.java:51)
Caused by: java.lang.NullPointerException: Cannot invoke &quot;com.auction.model.entity.Bidder.deduct(double)&quot; because &quot;this.bidder&quot; is null
	at com.auction.model.entity.BidderTest.lambda$testDeductInsufficientBalanceThrowsException$1(BidderTest.java:51)
	at org.junit.jupiter.api.AssertThrows.assertThrows(AssertThrows.java:53)
	... 21 more
</failure>
  </testcase>
  <testcase classname="com.auction.model.entity.BidderTest" name="com.auction.model.entity.BidderTest.testSetupAutoBidExceedsBalance" time="0">
    <failure message="Cannot invoke &quot;com.auction.model.entity.Auction.startAuction()&quot; because &quot;this.dummyAuction&quot; is null" type="java.lang.NullPointerException">java.lang.NullPointerException: Cannot invoke &quot;com.auction.model.entity.Auction.startAuction()&quot; because &quot;this.dummyAuction&quot; is null
	at com.auction.model.entity.BidderTest.testSetupAutoBidExceedsBalance(BidderTest.java:88)
</failure>
  </testcase>
</testsuite>