<?xml version="1.0" encoding="UTF-8" ?>
<testsuite tests="3" failures="3" name="com.auction.manager.AuctionManagerTest" time="0.018" errors="0" skipped="0">
  <properties>
[...]
</properties>
  <testcase classname="com.auction.manager.AuctionManagerTest" name="com.auction.manager.AuctionManagerTest.testStartUnregisteredAuctionThrowsException" time="0.018">
    <failure message="Unexpected exception type thrown, expected: &lt;java.lang.IllegalArgumentException&gt; but was: &lt;java.lang.NullPointerException&gt;" type="org.opentest4j.AssertionFailedError">org.opentest4j.AssertionFailedError: Unexpected exception type thrown, expected: &lt;java.lang.IllegalArgumentException&gt; but was: &lt;java.lang.NullPointerException&gt;
	at org.junit.jupiter.api.AssertionFailureBuilder.build(AssertionFailureBuilder.java:151)
	at org.junit.jupiter.api.AssertThrows.assertThrows(AssertThrows.java:67)
	at org.junit.jupiter.api.AssertThrows.assertThrows(AssertThrows.java:35)
	at org.junit.jupiter.api.Assertions.assertThrows(Assertions.java:3115)
	at com.auction.manager.AuctionManagerTest.testStartUnregisteredAuctionThrowsException(AuctionManagerTest.java:55)
Caused by: java.lang.NullPointerException: Cannot invoke &quot;com.auction.manager.AuctionManager.startAuction(com.auction.model.entity.Auction)&quot; because &quot;this.manager&quot; is null
	at com.auction.manager.AuctionManagerTest.lambda$testStartUnregisteredAuctionThrowsException$0(AuctionManagerTest.java:55)
	at org.junit.jupiter.api.AssertThrows.assertThrows(AssertThrows.java:53)
	... 21 more
</failure>
  </testcase>
  <testcase classname="com.auction.manager.AuctionManagerTest" name="com.auction.manager.AuctionManagerTest.testStartRegisteredAuction" time="0">
    <failure message="Cannot invoke &quot;com.auction.manager.AuctionManager.registerAuction(com.auction.model.entity.Auction)&quot; because &quot;this.manager&quot; is null" type="java.lang.NullPointerException">java.lang.NullPointerException: Cannot invoke &quot;com.auction.manager.AuctionManager.registerAuction(com.auction.model.entity.Auction)&quot; because &quot;this.manager&quot; is null
	at com.auction.manager.AuctionManagerTest.testStartRegisteredAuction(AuctionManagerTest.java:60)
</failure>
  </testcase>
  <testcase classname="com.auction.manager.AuctionManagerTest" name="com.auction.manager.AuctionManagerTest.testRegisterAuction" time="0">
    <failure message="Cannot invoke &quot;com.auction.manager.AuctionManager.registerAuction(com.auction.model.entity.Auction)&quot; because &quot;this.manager&quot; is null" type="java.lang.NullPointerException">java.lang.NullPointerException: Cannot invoke &quot;com.auction.manager.AuctionManager.registerAuction(com.auction.model.entity.Auction)&quot; because &quot;this.manager&quot; is null
	at com.auction.manager.AuctionManagerTest.testRegisterAuction(AuctionManagerTest.java:46)
</failure>
  </testcase>
</testsuite>