<?xml version="1.0" encoding="UTF-8"?>
<testsuite xmlns:xsi="http://www.w3.org/2001/XMLSchema-instance" xsi:noNamespaceSchemaLocation="https://maven.apache.org/surefire/maven-surefire-plugin/xsd/surefire-test-report-3.0.xsd" version="3.0" name="com.auction.model.entity.AuctionPaymentTest" time="0.064" tests="11" errors="0" skipped="0" failures="0">
  <properties>
[...]
</properties>
  <testcase name="testPaymentWithInsufficientBalance" classname="com.auction.model.entity.AuctionPaymentTest" time="0.016">
    <system-out><![CDATA[[Auction:115c5933-97fb-4fe9-9701-5999716e524a] Phiên đấu giá 'Tranh' đã BẮT ĐẦU. Giá khởi điểm: 500,00
[Auction:115c5933-97fb-4fe9-9701-5999716e524a] Bid mới: poor đặt 550,00
[Auction:115c5933-97fb-4fe9-9701-5999716e524a] KẾT THÚC — Người thắng: poor với giá 550,00
]]></system-out>
  </testcase>
  <testcase name="testPaymentOnCanceledAuction" classname="com.auction.model.entity.AuctionPaymentTest" time="0.002">
    <system-out><![CDATA[[Auction:4faab6a0-55f5-4530-9aff-1f4d60471971] Phiên đấu giá 'Tranh' đã BẮT ĐẦU. Giá khởi điểm: 500,00
[Auction:4faab6a0-55f5-4530-9aff-1f4d60471971] Không có bid nào → KẾT THÚC với trạng thái CANCELED.
]]></system-out>
  </testcase>
  <testcase name="testPaymentWithDecimalBidAmount" classname="com.auction.model.entity.AuctionPaymentTest" time="0.011">
    <system-out><![CDATA[[Auction:771299bb-7729-4795-8575-c67308801a9f] Phiên đấu giá 'Tranh' đã BẮT ĐẦU. Giá khởi điểm: 500,00
[Auction:771299bb-7729-4795-8575-c67308801a9f] Bid mới: bidder đặt 1234,56
[Auction:771299bb-7729-4795-8575-c67308801a9f] KẾT THÚC — Người thắng: bidder với giá 1234,56
[Payment] Đã trừ 1234,56 VNĐ từ tài khoản bidder
[Auction:771299bb-7729-4795-8575-c67308801a9f] Đã thanh toán thành công.
]]></system-out>
  </testcase>
  <testcase name="testPaymentBalanceAfterMultipleBids" classname="com.auction.model.entity.AuctionPaymentTest" time="0.003">
    <system-out><![CDATA[[Auction:10624b55-467b-4263-b8ef-acb934c6e98c] Phiên đấu giá 'Tranh' đã BẮT ĐẦU. Giá khởi điểm: 500,00
[Auction:10624b55-467b-4263-b8ef-acb934c6e98c] Bid mới: bidder đặt 1000,00
[Auction:10624b55-467b-4263-b8ef-acb934c6e98c] KẾT THÚC — Người thắng: bidder với giá 1000,00
[Payment] Đã trừ 1000,00 VNĐ từ tài khoản bidder
[Auction:10624b55-467b-4263-b8ef-acb934c6e98c] Đã thanh toán thành công.
]]></system-out>
  </testcase>
  <testcase name="testPaymentMultipleTimes" classname="com.auction.model.entity.AuctionPaymentTest" time="0.003">
    <system-out><![CDATA[[Auction:ecbd5948-f23e-4675-ae2d-ef7121941502] Phiên đấu giá 'Tranh' đã BẮT ĐẦU. Giá khởi điểm: 500,00
[Auction:ecbd5948-f23e-4675-ae2d-ef7121941502] Bid mới: bidder đặt 1000,00
[Auction:ecbd5948-f23e-4675-ae2d-ef7121941502] KẾT THÚC — Người thắng: bidder với giá 1000,00
[Payment] Đã trừ 1000,00 VNĐ từ tài khoản bidder
[Auction:ecbd5948-f23e-4675-ae2d-ef7121941502] Đã thanh toán thành công.
]]></system-out>
  </testcase>
  <testcase name="testPaymentNotificationObservers" classname="com.auction.model.entity.AuctionPaymentTest" time="0.002">
    <system-out><![CDATA[[Auction:b7dbf8ad-ce3e-4346-aa8a-41afdd6253a7] Phiên đấu giá 'Tranh' đã BẮT ĐẦU. Giá khởi điểm: 500,00
[Auction:b7dbf8ad-ce3e-4346-aa8a-41afdd6253a7] Bid mới: bidder đặt 1000,00
[Auction:b7dbf8ad-ce3e-4346-aa8a-41afdd6253a7] KẾT THÚC — Người thắng: bidder với giá 1000,00
[Payment] Đã trừ 1000,00 VNĐ từ tài khoản bidder
[Auction:b7dbf8ad-ce3e-4346-aa8a-41afdd6253a7] Đã thanh toán thành công.
]]></system-out>
  </testcase>
  <testcase name="testNoPaymentWhenNoBidders" classname="com.auction.model.entity.AuctionPaymentTest" time="0.002">
    <system-out><![CDATA[[Auction:946d684f-aeda-4606-b73c-5194897253df] Phiên đấu giá 'Tranh' đã BẮT ĐẦU. Giá khởi điểm: 500,00
[Auction:946d684f-aeda-4606-b73c-5194897253df] Không có bid nào → KẾT THÚC với trạng thái CANCELED.
]]></system-out>
  </testcase>
  <testcase name="testPaymentDeductsCorrectAmount" classname="com.auction.model.entity.AuctionPaymentTest" time="0.003">
    <system-out><![CDATA[[Auction:ad49f608-a592-4ee7-a571-cd9143ab89c8] Phiên đấu giá 'Tranh' đã BẮT ĐẦU. Giá khởi điểm: 500,00
[Auction:ad49f608-a592-4ee7-a571-cd9143ab89c8] Bid mới: bidder đặt 2500,00
[Auction:ad49f608-a592-4ee7-a571-cd9143ab89c8] KẾT THÚC — Người thắng: bidder với giá 2500,00
[Payment] Đã trừ 2500,00 VNĐ từ tài khoản bidder
[Auction:ad49f608-a592-4ee7-a571-cd9143ab89c8] Đã thanh toán thành công.
]]></system-out>
  </testcase>
  <testcase name="testPaymentWithMultipleBidTransitions" classname="com.auction.model.entity.AuctionPaymentTest" time="0.005">
    <system-out><![CDATA[[Auction:e7a04154-1011-496c-a8ee-2e24d1113677] Phiên đấu giá 'Tranh' đã BẮT ĐẦU. Giá khởi điểm: 500,00
[Auction:e7a04154-1011-496c-a8ee-2e24d1113677] Bid mới: b1 đặt 1000,00
[Auction:e7a04154-1011-496c-a8ee-2e24d1113677] Bid mới: b2 đặt 1500,00
[Auction:e7a04154-1011-496c-a8ee-2e24d1113677] Bid mới: b1 đặt 2000,00
[Auction:e7a04154-1011-496c-a8ee-2e24d1113677] KẾT THÚC — Người thắng: b1 với giá 2000,00
[Payment] Đã trừ 2000,00 VNĐ từ tài khoản b1
[Auction:e7a04154-1011-496c-a8ee-2e24d1113677] Đã thanh toán thành công.
]]></system-out>
  </testcase>
  <testcase name="testPaymentOnlyWhenFinished" classname="com.auction.model.entity.AuctionPaymentTest" time="0.002">
    <system-out><![CDATA[[Auction:69ebcab6-e71c-4c53-ace7-d501191ca55b] Phiên đấu giá 'Tranh' đã BẮT ĐẦU. Giá khởi điểm: 500,00
]]></system-out>
  </testcase>
  <testcase name="testPaymentFlow" classname="com.auction.model.entity.AuctionPaymentTest" time="0.004">
    <system-out><![CDATA[[Auction:26e61697-bcf1-43e3-b76f-287b189fb5ef] Phiên đấu giá 'Tranh' đã BẮT ĐẦU. Giá khởi điểm: 500,00
[Auction:26e61697-bcf1-43e3-b76f-287b189fb5ef] Bid mới: bidder đặt 1000,00
[Auction:26e61697-bcf1-43e3-b76f-287b189fb5ef] KẾT THÚC — Người thắng: bidder với giá 1000,00
[Payment] Đã trừ 1000,00 VNĐ từ tài khoản bidder
[Auction:26e61697-bcf1-43e3-b76f-287b189fb5ef] Đã thanh toán thành công.
]]></system-out>
  </testcase>
</testsuite>