<?xml version="1.0" encoding="UTF-8"?>
<testsuite xmlns:xsi="http://www.w3.org/2001/XMLSchema-instance" xsi:noNamespaceSchemaLocation="https://maven.apache.org/surefire/maven-surefire-plugin/xsd/surefire-test-report-3.0.xsd" version="3.0" name="com.auction.model.entity.BidderTest" time="0.005" tests="3" errors="0" skipped="0" failures="0">
  <properties>
[...]
</properties>
  <testcase name="testPlaceBid_InsufficientBalance_ThrowsException" classname="com.auction.model.entity.BidderTest" time="0.003">
    <system-out><![CDATA[[Auction:4825f616-3e86-467e-a888-c7b6ea82ac7b] Phiên đấu giá 'Đồ cổ' đã BẮT ĐẦU. Giá khởi điểm: 500,00
]]></system-out>
  </testcase>
  <testcase name="testPlaceBid_AuctionNotRunning_ThrowsException" classname="com.auction.model.entity.BidderTest" time="0.001"/>
  <testcase name="testDepositAndDeduct_Success" classname="com.auction.model.entity.BidderTest" time="0"/>
</testsuite>