<?xml version="1.0" encoding="UTF-8"?>
<testsuite xmlns:xsi="http://www.w3.org/2001/XMLSchema-instance" xsi:noNamespaceSchemaLocation="https://maven.apache.org/surefire/maven-surefire-plugin/xsd/surefire-test-report-3.0.xsd" version="3.0" name="com.auction.model.entity.BidderPlaceBidTest" time="0.032" tests="14" errors="0" skipped="0" failures="0">
  <properties>
[...]
</properties>
  <testcase name="testPlaceBidOnClosedAuction" classname="com.auction.model.entity.BidderPlaceBidTest" time="0.004">
    <system-out><![CDATA[[Auction:621622e3-8a30-4023-84a9-5b98aa51de26] Phiên đấu giá 'Tranh' đã BẮT ĐẦU. Giá khởi điểm: 500,00
[Auction:621622e3-8a30-4023-84a9-5b98aa51de26] Không có bid nào → KẾT THÚC với trạng thái CANCELED.
]]></system-out>
  </testcase>
  <testcase name="testPlaceBidWithNegativeAmount" classname="com.auction.model.entity.BidderPlaceBidTest" time="0.002">
    <system-out><![CDATA[[Auction:86e9494b-def4-4ce1-9143-890590e89d8e] Phiên đấu giá 'Tranh' đã BẮT ĐẦU. Giá khởi điểm: 500,00
]]></system-out>
  </testcase>
  <testcase name="testPlaceBidDecimalAmount" classname="com.auction.model.entity.BidderPlaceBidTest" time="0">
    <system-out><![CDATA[[Auction:e5f67794-80fb-4401-86b1-f8c3f20d662e] Phiên đấu giá 'Tranh' đã BẮT ĐẦU. Giá khởi điểm: 500,00
[Auction:e5f67794-80fb-4401-86b1-f8c3f20d662e] Bid mới: bidder đặt 500,50
]]></system-out>
  </testcase>
  <testcase name="testPlaceBidBelowCurrentPrice" classname="com.auction.model.entity.BidderPlaceBidTest" time="0.002">
    <system-out><![CDATA[[Auction:041579df-d174-4bda-97f8-96616cda4ec9] Phiên đấu giá 'Tranh' đã BẮT ĐẦU. Giá khởi điểm: 500,00
[Auction:041579df-d174-4bda-97f8-96616cda4ec9] Bid mới: bidder đặt 600,00
]]></system-out>
  </testcase>
  <testcase name="testPlaceBidWithExactBalance" classname="com.auction.model.entity.BidderPlaceBidTest" time="0.003">
    <system-out><![CDATA[[Auction:838a8aa3-c73d-410f-86d3-856e7cb9088a] Phiên đấu giá 'Tranh' đã BẮT ĐẦU. Giá khởi điểm: 500,00
[Auction:838a8aa3-c73d-410f-86d3-856e7cb9088a] Bid mới: exact đặt 600,00
]]></system-out>
  </testcase>
  <testcase name="testPlaceBidEqualCurrentPrice" classname="com.auction.model.entity.BidderPlaceBidTest" time="0.001">
    <system-out><![CDATA[[Auction:8e0ac427-4b94-4f35-8ab3-d3586551073a] Phiên đấu giá 'Tranh' đã BẮT ĐẦU. Giá khởi điểm: 500,00
[Auction:8e0ac427-4b94-4f35-8ab3-d3586551073a] Bid mới: bidder đặt 600,00
]]></system-out>
  </testcase>
  <testcase name="testNullAuctionPlaceBid" classname="com.auction.model.entity.BidderPlaceBidTest" time="0.001"/>
  <testcase name="testPlaceBidIfInsufficientBalance" classname="com.auction.model.entity.BidderPlaceBidTest" time="0.002">
    <system-out><![CDATA[[Auction:29fa5693-0e04-4816-b5a8-1a41bedda8b6] Phiên đấu giá 'Tranh' đã BẮT ĐẦU. Giá khởi điểm: 500,00
]]></system-out>
  </testcase>
  <testcase name="testPlaceBidSuccess" classname="com.auction.model.entity.BidderPlaceBidTest" time="0.001">
    <system-out><![CDATA[[Auction:b2b7016c-8d67-468d-a2e1-f490c50c8507] Phiên đấu giá 'Tranh' đã BẮT ĐẦU. Giá khởi điểm: 500,00
[Auction:b2b7016c-8d67-468d-a2e1-f490c50c8507] Bid mới: bidder đặt 600,00
]]></system-out>
  </testcase>
  <testcase name="testPlaceBidWithVeryLargeAmount" classname="com.auction.model.entity.BidderPlaceBidTest" time="0.002">
    <system-out><![CDATA[[Auction:a0374a47-56ad-4a0d-8ba6-6704d405123e] Phiên đấu giá 'Tranh' đã BẮT ĐẦU. Giá khởi điểm: 500,00
[Auction:a0374a47-56ad-4a0d-8ba6-6704d405123e] Bid mới: bidder đặt 999999,99
]]></system-out>
  </testcase>
  <testcase name="testPlaceBidWithZeroAmount" classname="com.auction.model.entity.BidderPlaceBidTest" time="0.001">
    <system-out><![CDATA[[Auction:3fbb964c-416e-46e8-9a69-997d32c6ad12] Phiên đấu giá 'Tranh' đã BẮT ĐẦU. Giá khởi điểm: 500,00
]]></system-out>
  </testcase>
  <testcase name="testPlaceBidMultipleTimes" classname="com.auction.model.entity.BidderPlaceBidTest" time="0.001">
    <system-out><![CDATA[[Auction:cca38153-393f-4409-ae95-921b4c279365] Phiên đấu giá 'Tranh' đã BẮT ĐẦU. Giá khởi điểm: 500,00
[Auction:cca38153-393f-4409-ae95-921b4c279365] Bid mới: bidder đặt 600,00
[Auction:cca38153-393f-4409-ae95-921b4c279365] Bid mới: bidder2 đặt 700,00
[Auction:cca38153-393f-4409-ae95-921b4c279365] Bid mới: bidder đặt 800,00
]]></system-out>
  </testcase>
  <testcase name="testPlaceBidOnOpenAuction" classname="com.auction.model.entity.BidderPlaceBidTest" time="0.001"/>
  <testcase name="testPlaceBidJustAboveStartingPrice" classname="com.auction.model.entity.BidderPlaceBidTest" time="0.001">
    <system-out><![CDATA[[Auction:22488eef-0fd7-4ee8-8da9-17813f8de282] Phiên đấu giá 'Tranh' đã BẮT ĐẦU. Giá khởi điểm: 500,00
[Auction:22488eef-0fd7-4ee8-8da9-17813f8de282] Bid mới: bidder đặt 500,01
]]></system-out>
  </testcase>
</testsuite>