<?xml version="1.0" encoding="UTF-8"?>
<testsuite xmlns:xsi="http://www.w3.org/2001/XMLSchema-instance" xsi:noNamespaceSchemaLocation="https://maven.apache.org/surefire/maven-surefire-plugin/xsd/surefire-test-report-3.0.xsd" version="3.0" name="com.auction.manager.AuctionManagerExtendedTest" time="0.078" tests="11" errors="0" skipped="0" failures="0">
  <properties>
[...]
</properties>
  <testcase name="testRegisterNullAuction" classname="com.auction.manager.AuctionManagerExtendedTest" time="0.007"/>
  <testcase name="testRegisterDuplicateAuction" classname="com.auction.manager.AuctionManagerExtendedTest" time="0.005">
    <system-out><![CDATA[[AuctionManager] Đã đăng ký phiên [1df25456-56cc-4705-b06e-1ac8171c1f30] cho sản phẩm 'Tranh'
]]></system-out>
  </testcase>
  <testcase name="testCheckAndCloseExpiredAuctions_AutoStartScheduled" classname="com.auction.manager.AuctionManagerExtendedTest" time="0.005">
    <system-out><![CDATA[[AuctionManager] Đã đăng ký phiên [52b52158-3fcc-41d8-b2a8-19d3dcc855f4] cho sản phẩm 'Tranh'
[Auction:1df25456-56cc-4705-b06e-1ac8171c1f30] Phiên đấu giá 'Tranh' đã BẮT ĐẦU. Giá khởi điểm: 100,00
[Auction:52b52158-3fcc-41d8-b2a8-19d3dcc855f4] Phiên đấu giá 'Tranh' đã BẮT ĐẦU. Giá khởi điểm: 100,00
]]></system-out>
  </testcase>
  <testcase name="testRegisterAuction" classname="com.auction.manager.AuctionManagerExtendedTest" time="0.006">
    <system-out><![CDATA[[AuctionManager] Đã đăng ký phiên [35039496-deec-4728-a25a-4d7019b708e3] cho sản phẩm 'Tranh'
]]></system-out>
  </testcase>
  <testcase name="testGetAllAuctions" classname="com.auction.manager.AuctionManagerExtendedTest" time="0.004">
    <system-out><![CDATA[[AuctionManager] Đã đăng ký phiên [7a9245f2-b492-4771-9c97-97c47f08d9a7] cho sản phẩm 'Tranh'
[AuctionManager] Đã đăng ký phiên [65130a36-e457-4f6e-a221-249753abe209] cho sản phẩm 'Tranh'
]]></system-out>
  </testcase>
  <testcase name="testCheckAndCloseExpiredAuctions_CancelFinishedExpired" classname="com.auction.manager.AuctionManagerExtendedTest" time="0.007">
    <system-out><![CDATA[[AuctionManager] Đã đăng ký phiên [54152897-af48-4e2e-b089-dd2ab8d8342b] cho sản phẩm 'Tranh'
[Auction:54152897-af48-4e2e-b089-dd2ab8d8342b] Phiên đấu giá 'Tranh' đã BẮT ĐẦU. Giá khởi điểm: 100,00
[Auction:54152897-af48-4e2e-b089-dd2ab8d8342b] Bid mới: bidder1 đặt 150,00
[Anti-snipe] Phiên [54152897-af48-4e2e-b089-dd2ab8d8342b] được gia hạn thêm 60 giây → Kết thúc lúc 2026-05-26T09:35:13.739697200
[Auction:54152897-af48-4e2e-b089-dd2ab8d8342b] KẾT THÚC — Người thắng: bidder1 với giá 150,00
[Auction:35039496-deec-4728-a25a-4d7019b708e3] Phiên đấu giá 'Tranh' đã BẮT ĐẦU. Giá khởi điểm: 100,00
[Auction:7a9245f2-b492-4771-9c97-97c47f08d9a7] Phiên đấu giá 'Tranh' đã BẮT ĐẦU. Giá khởi điểm: 100,00
[Auction:65130a36-e457-4f6e-a221-249753abe209] Phiên đấu giá 'Tranh' đã BẮT ĐẦU. Giá khởi điểm: 100,00
[AuctionManager] Phiên [54152897-af48-4e2e-b089-dd2ab8d8342b] quá hạn thanh toán 12h → tự động HỦY.
[Auction:54152897-af48-4e2e-b089-dd2ab8d8342b] Phiên bị HỦY.
]]></system-out>
  </testcase>
  <testcase name="testStartAuction" classname="com.auction.manager.AuctionManagerExtendedTest" time="0.004">
    <system-out><![CDATA[[AuctionManager] Đã đăng ký phiên [f331941c-0db7-4a79-9c3e-02d8f4ac0841] cho sản phẩm 'Tranh'
[Auction:f331941c-0db7-4a79-9c3e-02d8f4ac0841] Phiên đấu giá 'Tranh' đã BẮT ĐẦU. Giá khởi điểm: 100,00
]]></system-out>
  </testcase>
  <testcase name="testStartUnregisteredAuction" classname="com.auction.manager.AuctionManagerExtendedTest" time="0.005"/>
  <testcase name="testMultipleAuctionsConcurrent" classname="com.auction.manager.AuctionManagerExtendedTest" time="0.007">
    <system-out><![CDATA[[AuctionManager] Đã đăng ký phiên [49aa5753-b328-40c1-b39f-e77559aa6f05] cho sản phẩm 'Item 0'
[AuctionManager] Đã đăng ký phiên [750807ac-dce1-4aba-ba2c-ff9e76033525] cho sản phẩm 'Item 1'
[AuctionManager] Đã đăng ký phiên [66b6ac65-7d3d-4bb7-9c0f-329e76486d62] cho sản phẩm 'Item 2'
[AuctionManager] Đã đăng ký phiên [0dfa88a8-bb11-461f-ad3f-2082b2fcbac8] cho sản phẩm 'Item 3'
[AuctionManager] Đã đăng ký phiên [d4665de3-5bb4-444c-ae7e-8da0804a731a] cho sản phẩm 'Item 4'
]]></system-out>
  </testcase>
  <testcase name="testCheckAndCloseExpiredAuctions_NoAutoClose" classname="com.auction.manager.AuctionManagerExtendedTest" time="0.004">
    <system-out><![CDATA[[AuctionManager] Đã đăng ký phiên [20a82b5c-5b55-415b-89b0-4f61e2b7f3d3] cho sản phẩm 'Tranh'
[Auction:20a82b5c-5b55-415b-89b0-4f61e2b7f3d3] Phiên đấu giá 'Tranh' đã BẮT ĐẦU. Giá khởi điểm: 100,00
[Auction:49aa5753-b328-40c1-b39f-e77559aa6f05] Phiên đấu giá 'Item 0' đã BẮT ĐẦU. Giá khởi điểm: 100,00
[Auction:750807ac-dce1-4aba-ba2c-ff9e76033525] Phiên đấu giá 'Item 1' đã BẮT ĐẦU. Giá khởi điểm: 100,00
[Auction:66b6ac65-7d3d-4bb7-9c0f-329e76486d62] Phiên đấu giá 'Item 2' đã BẮT ĐẦU. Giá khởi điểm: 100,00
[Auction:0dfa88a8-bb11-461f-ad3f-2082b2fcbac8] Phiên đấu giá 'Item 3' đã BẮT ĐẦU. Giá khởi điểm: 100,00
[Auction:d4665de3-5bb4-444c-ae7e-8da0804a731a] Phiên đấu giá 'Item 4' đã BẮT ĐẦU. Giá khởi điểm: 100,00
]]></system-out>
  </testcase>
  <testcase name="testGetAllAuctionsIsImmutable" classname="com.auction.manager.AuctionManagerExtendedTest" time="0.003">
    <system-out><![CDATA[[AuctionManager] Đã đăng ký phiên [25e43be0-1f05-46d6-b5c8-5ff426b71108] cho sản phẩm 'Tranh'
]]></system-out>
  </testcase>
</testsuite>