<?xml version="1.0" encoding="UTF-8"?>
<testsuite xmlns:xsi="http://www.w3.org/2001/XMLSchema-instance" xsi:noNamespaceSchemaLocation="https://maven.apache.org/surefire/maven-surefire-plugin/xsd/surefire-test-report-3.0.xsd" version="3.0" name="com.auction.model.entity.AuctionTest" time="0.054" tests="5" errors="0" skipped="0" failures="0">
  <properties>
[...]
</properties>
  <testcase name="testPlaceBid_InvalidBidException" classname="com.auction.model.entity.AuctionTest" time="0.012">
    <system-out><![CDATA[[Auction:e90acd9c-d73b-42ba-ba54-4478690cb678] Phiên đấu giá 'MacBook M3' đã BẮT ĐẦU. Giá khởi điểm: 1000,00
[Auction:e90acd9c-d73b-42ba-ba54-4478690cb678] Bid mới: tung_bidder đặt 1500,00
]]></system-out>
  </testcase>
  <testcase name="testConcurrentBidding_WithReentrantLock" classname="com.auction.model.entity.AuctionTest" time="0.029">
    <system-out><![CDATA[[Auction:ac09d8d8-9577-4d09-a5bb-5a419ecb46ca] Phiên đấu giá 'MacBook M3' đã BẮT ĐẦU. Giá khởi điểm: 1000,00
[Auction:ac09d8d8-9577-4d09-a5bb-5a419ecb46ca] Bid mới: tung_bidder đặt 1610,00
[Auction:ac09d8d8-9577-4d09-a5bb-5a419ecb46ca] Bid mới: tung_bidder đặt 1620,00
[Auction:ac09d8d8-9577-4d09-a5bb-5a419ecb46ca] Bid mới: tung_bidder đặt 1670,00
[Auction:ac09d8d8-9577-4d09-a5bb-5a419ecb46ca] Bid mới: tung_bidder đặt 1700,00
[Auction:ac09d8d8-9577-4d09-a5bb-5a419ecb46ca] Bid mới: tung_bidder đặt 1730,00
[Auction:ac09d8d8-9577-4d09-a5bb-5a419ecb46ca] Bid mới: tung_bidder đặt 1880,00
[Auction:ac09d8d8-9577-4d09-a5bb-5a419ecb46ca] Bid mới: tung_bidder đặt 1890,00
[Auction:ac09d8d8-9577-4d09-a5bb-5a419ecb46ca] Bid mới: tung_bidder đặt 1930,00
[Auction:ac09d8d8-9577-4d09-a5bb-5a419ecb46ca] Bid mới: tung_bidder đặt 1940,00
[Auction:ac09d8d8-9577-4d09-a5bb-5a419ecb46ca] Bid mới: tung_bidder đặt 1950,00
[Auction:ac09d8d8-9577-4d09-a5bb-5a419ecb46ca] Bid mới: tung_bidder đặt 1960,00
[Auction:ac09d8d8-9577-4d09-a5bb-5a419ecb46ca] Bid mới: tung_bidder đặt 1970,00
[Auction:ac09d8d8-9577-4d09-a5bb-5a419ecb46ca] Bid mới: tung_bidder đặt 1980,00
[Auction:ac09d8d8-9577-4d09-a5bb-5a419ecb46ca] Bid mới: tung_bidder đặt 1990,00
]]></system-out>
  </testcase>
  <testcase name="testAuctionLifecycle_StartAndEnd" classname="com.auction.model.entity.AuctionTest" time="0.002">
    <system-out><![CDATA[[Auction:caa9cc16-6c9f-4811-af3b-771889ec74b1] Phiên đấu giá 'MacBook M3' đã BẮT ĐẦU. Giá khởi điểm: 1000,00
[Auction:caa9cc16-6c9f-4811-af3b-771889ec74b1] Không có bid nào → KẾT THÚC với trạng thái CANCELED.
]]></system-out>
  </testcase>
  <testcase name="testPlaceBid_Success" classname="com.auction.model.entity.AuctionTest" time="0.002">
    <system-out><![CDATA[[Auction:741f1381-252f-4cd7-8e18-93d05632e949] Phiên đấu giá 'MacBook M3' đã BẮT ĐẦU. Giá khởi điểm: 1000,00
[Auction:741f1381-252f-4cd7-8e18-93d05632e949] Bid mới: tung_bidder đặt 1500,00
]]></system-out>
  </testcase>
  <testcase name="testAutoBid_TriggeredCorrectly" classname="com.auction.model.entity.AuctionTest" time="0.004">
    <system-out><![CDATA[[Auction:a9b92700-3205-40a0-bb22-c7827d78b054] Phiên đấu giá 'MacBook M3' đã BẮT ĐẦU. Giá khởi điểm: 1000,00
[AutoBid] tung_bidder đã cài auto-bid cho phiên [a9b92700-3205-40a0-bb22-c7827d78b054]: max=5000,00, step=500,00
[Auction:a9b92700-3205-40a0-bb22-c7827d78b054] Bid mới: khach_hang đặt 1500,00
[AutoBid] tung_bidder tự động đặt giá 2000,00
]]></system-out>
  </testcase>
</testsuite>