<?xml version="1.0" encoding="UTF-8"?>
<testsuite xmlns:xsi="http://www.w3.org/2001/XMLSchema-instance" xsi:noNamespaceSchemaLocation="https://maven.apache.org/surefire/maven-surefire-plugin/xsd/surefire-test-report-3.0.xsd" version="3.0" name="com.auction.model.entity.BidderAutoBidSetupTest" time="0.042" tests="15" errors="0" skipped="0" failures="0">
  <properties>
[...]
</properties>
  <testcase name="testSetupAutoBidNullAuction" classname="com.auction.model.entity.BidderAutoBidSetupTest" time="0.002">
    <system-out><![CDATA[[Auction:b36503e1-a939-4017-bbf0-1bd7c1e3be1a] Phiên đấu giá 'Tranh' đã BẮT ĐẦU. Giá khởi điểm: 500,00
]]></system-out>
  </testcase>
  <testcase name="testSetupAutoBidMinimalValues" classname="com.auction.model.entity.BidderAutoBidSetupTest" time="0.002">
    <system-out><![CDATA[[Auction:f9c7d49e-7c72-4336-ab3a-e3dbb1fd2a4f] Phiên đấu giá 'Tranh' đã BẮT ĐẦU. Giá khởi điểm: 500,00
[AutoBid] bidder đã cài auto-bid cho phiên [f9c7d49e-7c72-4336-ab3a-e3dbb1fd2a4f]: max=500,01, step=0,01
]]></system-out>
  </testcase>
  <testcase name="testSetupAutoBidDecimalValues" classname="com.auction.model.entity.BidderAutoBidSetupTest" time="0">
    <system-out><![CDATA[[Auction:f44c80d6-cedb-435b-856e-a306f5693962] Phiên đấu giá 'Tranh' đã BẮT ĐẦU. Giá khởi điểm: 500,00
[AutoBid] bidder đã cài auto-bid cho phiên [f44c80d6-cedb-435b-856e-a306f5693962]: max=5000,50, step=500,25
]]></system-out>
  </testcase>
  <testcase name="testSetupAutoBidIncrementGreaterThanMaxBid" classname="com.auction.model.entity.BidderAutoBidSetupTest" time="0.006">
    <system-out><![CDATA[[Auction:1fa9c012-4eef-450f-ba86-4f3a48637c27] Phiên đấu giá 'Tranh' đã BẮT ĐẦU. Giá khởi điểm: 500,00
]]></system-out>
  </testcase>
  <testcase name="testSetupAutoBidIncrementExceedsBalance" classname="com.auction.model.entity.BidderAutoBidSetupTest" time="0.002">
    <system-out><![CDATA[[Auction:56c6db3d-6b5d-41ba-a5ae-f02a2c35e151] Phiên đấu giá 'Tranh' đã BẮT ĐẦU. Giá khởi điểm: 500,00
]]></system-out>
  </testcase>
  <testcase name="testSetupAutoBidMaxBidEqual" classname="com.auction.model.entity.BidderAutoBidSetupTest" time="0.002">
    <system-out><![CDATA[[Auction:6c5e4b5d-8d67-4d6e-b6f0-5e50556ad13d] Phiên đấu giá 'Tranh' đã BẮT ĐẦU. Giá khởi điểm: 500,00
[AutoBid] bidder đã cài auto-bid cho phiên [6c5e4b5d-8d67-4d6e-b6f0-5e50556ad13d]: max=600,00, step=50,00
]]></system-out>
  </testcase>
  <testcase name="testSetupAutoBidWithMinimalBalance" classname="com.auction.model.entity.BidderAutoBidSetupTest" time="0.003">
    <system-out><![CDATA[[Auction:f71d5186-1fae-4cdb-8a21-6b80eaec9f87] Phiên đấu giá 'Tranh' đã BẮT ĐẦU. Giá khởi điểm: 500,00
[AutoBid] minimal đã cài auto-bid cho phiên [f71d5186-1fae-4cdb-8a21-6b80eaec9f87]: max=600,00, step=50,00
]]></system-out>
  </testcase>
  <testcase name="testSetupAutoBidLargeValues" classname="com.auction.model.entity.BidderAutoBidSetupTest" time="0.002">
    <system-out><![CDATA[[Auction:ac7aaef4-78a5-48a1-889d-377e0a07c721] Phiên đấu giá 'Tranh' đã BẮT ĐẦU. Giá khởi điểm: 500,00
[AutoBid] bidder đã cài auto-bid cho phiên [ac7aaef4-78a5-48a1-889d-377e0a07c721]: max=9999,99, step=9999,98
]]></system-out>
  </testcase>
  <testcase name="testSetupAutoBidExceedsBalance" classname="com.auction.model.entity.BidderAutoBidSetupTest" time="0.002">
    <system-out><![CDATA[[Auction:e25a1949-e010-43bd-a4f9-e2308a89d2c0] Phiên đấu giá 'Tranh' đã BẮT ĐẦU. Giá khởi điểm: 500,00
]]></system-out>
  </testcase>
  <testcase name="testSetupAutoBidInvalidIncrement" classname="com.auction.model.entity.BidderAutoBidSetupTest" time="0.002">
    <system-out><![CDATA[[Auction:2676ff20-9857-4db9-9d16-26e6746604ed] Phiên đấu giá 'Tranh' đã BẮT ĐẦU. Giá khởi điểm: 500,00
]]></system-out>
  </testcase>
  <testcase name="testSetupAutoBidSuccess" classname="com.auction.model.entity.BidderAutoBidSetupTest" time="0.002">
    <system-out><![CDATA[[Auction:4c9a9ebf-3d43-4d45-96e6-6d4bd462bc0f] Phiên đấu giá 'Tranh' đã BẮT ĐẦU. Giá khởi điểm: 500,00
[AutoBid] bidder đã cài auto-bid cho phiên [4c9a9ebf-3d43-4d45-96e6-6d4bd462bc0f]: max=5000,00, step=500,00
]]></system-out>
  </testcase>
  <testcase name="testSetupAutoBidAfterManualBid" classname="com.auction.model.entity.BidderAutoBidSetupTest" time="0.002">
    <system-out><![CDATA[[Auction:295d87cd-d31c-4a96-bc01-eeb7722aa216] Phiên đấu giá 'Tranh' đã BẮT ĐẦU. Giá khởi điểm: 500,00
[Auction:295d87cd-d31c-4a96-bc01-eeb7722aa216] Bid mới: bidder đặt 600,00
[AutoBid] bidder2 đã cài auto-bid cho phiên [295d87cd-d31c-4a96-bc01-eeb7722aa216]: max=5000,00, step=500,00
]]></system-out>
  </testcase>
  <testcase name="testSetupAutoBidMaxBidBelowCurrent" classname="com.auction.model.entity.BidderAutoBidSetupTest" time="0.001">
    <system-out><![CDATA[[Auction:930d310a-49a0-49f1-b04d-f5fecc05fbaf] Phiên đấu giá 'Tranh' đã BẮT ĐẦU. Giá khởi điểm: 500,00
[Auction:930d310a-49a0-49f1-b04d-f5fecc05fbaf] Bid mới: bidder đặt 1000,00
]]></system-out>
  </testcase>
  <testcase name="testSetupAutoBidMultipleTimes" classname="com.auction.model.entity.BidderAutoBidSetupTest" time="0.001">
    <system-out><![CDATA[[Auction:df9a99a1-76cb-444f-8be0-4cef4839551b] Phiên đấu giá 'Tranh' đã BẮT ĐẦU. Giá khởi điểm: 500,00
[AutoBid] bidder đã cài auto-bid cho phiên [df9a99a1-76cb-444f-8be0-4cef4839551b]: max=5000,00, step=500,00
[AutoBid] bidder đã cài auto-bid cho phiên [df9a99a1-76cb-444f-8be0-4cef4839551b]: max=7000,00, step=700,00
]]></system-out>
  </testcase>
  <testcase name="testSetupAutoBidJustAtBalance" classname="com.auction.model.entity.BidderAutoBidSetupTest" time="0.001">
    <system-out><![CDATA[[Auction:93ae0d2b-dc7d-40d4-a630-58624087c057] Phiên đấu giá 'Tranh' đã BẮT ĐẦU. Giá khởi điểm: 500,00
[AutoBid] exact đã cài auto-bid cho phiên [93ae0d2b-dc7d-40d4-a630-58624087c057]: max=1000,00, step=100,00
]]></system-out>
  </testcase>
</testsuite>